<?xml version="1.0" encoding="UTF-8"?>
<testsuite xmlns:xsi="http://www.w3.org/2001/XMLSchema-instance" xsi:noNamespaceSchemaLocation="https://maven.apache.org/surefire/maven-surefire-plugin/xsd/surefire-test-report.xsd" version="3.0.2" name="com.snifp.transaction_service.TransactionServiceApplicationTests" time="4.939" tests="1" errors="0" skipped="0" failures="0" flakes="0">
  <properties>
[...]
</properties>
  <testcase name="contextLoads" classname="com.snifp.transaction_service.TransactionServiceApplicationTests" time="0.858">
    <system-out><![CDATA[10:52:06.534 [main] INFO org.springframework.test.context.support.AnnotationConfigContextLoaderUtils -- Could not detect default configuration classes for test class [com.snifp.transaction_service.TransactionServiceApplicationTests]: TransactionServiceApplicationTests does not declare any static, non-private, non-final, nested classes annotated with @Configuration.
10:52:06.642 [main] INFO org.springframework.boot.test.context.SpringBootTestContextBootstrapper -- Found @SpringBootConfiguration com.snifp.transaction_service.TransactionServiceApplication for test class com.snifp.transaction_service.TransactionServiceApplicationTests
10:52:06.733 [main] INFO org.springframework.test.context.support.AnnotationConfigContextLoaderUtils -- Could not detect default configuration classes for test class [com.snifp.transaction_service.TransactionServiceApplicationTests]: TransactionServiceApplicationTests does not declare any static, non-private, non-final, nested classes annotated with @Configuration.
10:52:06.737 [main] INFO org.springframework.boot.test.context.SpringBootTestContextBootstrapper -- Found @SpringBootConfiguration com.snifp.transaction_service.TransactionServiceApplication for test class com.snifp.transaction_service.TransactionServiceApplicationTests

  .   ____          _            __ _ _
 /\\ / ___'_ __ _ _(_)_ __  __ _ \ \ \ \
( ( )\___ | '_ | '_| | '_ \/ _` | \ \ \ \
 \\/  ___)| |_)| | | | | || (_| |  ) ) ) )
  '  |____| .__|_| |_|_| |_\__, | / / / /
 =========|_|==============|___/=/_/_/_/

 :: Spring Boot ::                (v4.0.6)

2026-05-29T10:52:07.109-03:00  INFO 30421 --- [transaction-service] [           main] c.s.t.TransactionServiceApplicationTests : Starting TransactionServiceApplicationTests using Java 21.0.11 with PID 30421 (started by rodrigo in /home/rodrigo/Documentos/Dev/snifp/transaction-service)
2026-05-29T10:52:07.111-03:00  INFO 30421 --- [transaction-service] [           main] c.s.t.TransactionServiceApplicationTests : No active profile set, falling back to 1 default profile: "default"
2026-05-29T10:52:08.107-03:00  INFO 30421 --- [transaction-service] [           main] .s.d.r.c.RepositoryConfigurationDelegate : Bootstrapping Spring Data MongoDB repositories in DEFAULT mode.
2026-05-29T10:52:08.173-03:00  INFO 30421 --- [transaction-service] [           main] .s.d.r.c.RepositoryConfigurationDelegate : Finished Spring Data repository scanning in 57 ms. Found 1 MongoDB repository interface.
2026-05-29T10:52:08.854-03:00  INFO 30421 --- [transaction-service] [hfd.mongodb.net] org.mongodb.driver.cluster               : Adding discovered server ac-ysfqdfe-shard-00-01.eku2hfd.mongodb.net:27017 to client view of cluster
2026-05-29T10:52:08.860-03:00  INFO 30421 --- [transaction-service] [           main] org.mongodb.driver.client                : MongoClient with metadata {"driver": {"name": "mongo-java-driver|spring-boot|sync", "version": "5.6.5"}, "os": {"type": "Linux", "name": "Linux", "architecture": "amd64", "version": "6.17.0-29-generic"}, "platform": "Java/Ubuntu/21.0.11+10-1-24.04.2-Ubuntu"} created with settings MongoClientSettings{readPreference=primary, writeConcern=WriteConcern{w=majority, wTimeout=null ms, journal=null}, retryWrites=true, retryReads=true, readConcern=ReadConcern{level=null}, credential=MongoCredential{mechanism=null, userName='rodrigodeoliveirasa_db_user', source='admin', password=<hidden>, mechanismProperties=<hidden>}, transportSettings=null, commandListeners=[io.micrometer.core.instrument.binder.mongodb.MongoMetricsCommandListener@12fccff0], codecRegistry=ProvidersCodecRegistry{codecProviders=[ValueCodecProvider{}, BsonValueCodecProvider{}, DBRefCodecProvider{}, DBObjectCodecProvider{}, DocumentCodecProvider{}, CollectionCodecProvider{}, IterableCodecProvider{}, MapCodecProvider{}, GeoJsonCodecProvider{}, GridFSFileCodecProvider{}, Jsr310CodecProvider{}, JsonObjectCodecProvider{}, BsonCodecProvider{}, com.mongodb.client.model.mql.ExpressionCodecProvider@5d767218, com.mongodb.Jep395RecordCodecProvider@510da778, com.mongodb.KotlinCodecProvider@20a1b3ae, EnumCodecProvider{}]}, loggerSettings=LoggerSettings{maxDocumentLength=1000}, clusterSettings={hosts=[127.0.0.1:27017], srvHost=cluster0.eku2hfd.mongodb.net, srvServiceName=mongodb, mode=MULTIPLE, requiredClusterType=REPLICA_SET, requiredReplicaSetName='atlas-i4ywzt-shard-0', serverSelector='null', clusterListeners='[]', serverSelectionTimeout='30000 ms', localThreshold='15 ms'}, socketSettings=SocketSettings{connectTimeoutMS=10000, readTimeoutMS=0, receiveBufferSize=0, proxySettings=ProxySettings{host=null, port=null, username=null, password=null}}, heartbeatSocketSettings=SocketSettings{connectTimeoutMS=10000, readTimeoutMS=10000, receiveBufferSize=0, proxySettings=ProxySettings{host=null, port=null, username=null, password=null}}, connectionPoolSettings=ConnectionPoolSettings{maxSize=100, minSize=0, maxWaitTimeMS=120000, maxConnectionLifeTimeMS=0, maxConnectionIdleTimeMS=0, maintenanceInitialDelayMS=0, maintenanceFrequencyMS=60000, connectionPoolListeners=[io.micrometer.core.instrument.binder.mongodb.MongoMetricsConnectionPoolListener@54567b05], maxConnecting=2}, serverSettings=ServerSettings{heartbeatFrequencyMS=10000, minHeartbeatFrequencyMS=500, serverMonitoringMode=AUTO, serverListeners='[]', serverMonitorListeners='[]'}, sslSettings=SslSettings{enabled=true, invalidHostNameAllowed=false, context=null}, applicationName='null', compressorList=[], uuidRepresentation=UNSPECIFIED, serverApi=null, autoEncryptionSettings=null, dnsClient=null, inetAddressResolver=null, contextProvider=null, timeoutMS=null}
2026-05-29T10:52:08.879-03:00  INFO 30421 --- [transaction-service] [hfd.mongodb.net] org.mongodb.driver.cluster               : Adding discovered server ac-ysfqdfe-shard-00-02.eku2hfd.mongodb.net:27017 to client view of cluster
2026-05-29T10:52:08.880-03:00  INFO 30421 --- [transaction-service] [hfd.mongodb.net] org.mongodb.driver.cluster               : Adding discovered server ac-ysfqdfe-shard-00-00.eku2hfd.mongodb.net:27017 to client view of cluster
2026-05-29T10:52:09.413-03:00  INFO 30421 --- [transaction-service] [ngodb.net:27017] org.mongodb.driver.cluster               : Monitor thread successfully connected to server with description ServerDescription{address=ac-ysfqdfe-shard-00-02.eku2hfd.mongodb.net:27017, type=REPLICA_SET_PRIMARY, cryptd=false, state=CONNECTED, ok=true, minWireVersion=0, maxWireVersion=25, maxDocumentSize=16777216, logicalSessionTimeoutMinutes=30, roundTripTimeNanos=270435020, minRoundTripTimeNanos=0, setName='atlas-i4ywzt-shard-0', canonicalAddress=ac-ysfqdfe-shard-00-02.eku2hfd.mongodb.net:27017, hosts=[ac-ysfqdfe-shard-00-00.eku2hfd.mongodb.net:27017, ac-ysfqdfe-shard-00-01.eku2hfd.mongodb.net:27017, ac-ysfqdfe-shard-00-02.eku2hfd.mongodb.net:27017], passives=[], arbiters=[], primary='ac-ysfqdfe-shard-00-02.eku2hfd.mongodb.net:27017', tagSet=TagSet{[Tag{name='availabilityZone', value='sae1-az2'}, Tag{name='cacheState', value='READY'}, Tag{name='diskState', value='READY'}, Tag{name='nodeType', value='ELECTABLE'}, Tag{name='provider', value='AWS'}, Tag{name='region', value='SA_EAST_1'}, Tag{name='workloadType', value='OPERATIONAL'}]}, electionId=7fffffff0000000000000046, setVersion=5, topologyVersion=TopologyVersion{processId=6a11bcce86ca1a229f196220, counter=6}, lastWriteDate=Fri May 29 10:52:09 BRT 2026, lastUpdateTimeNanos=3828826470989}
2026-05-29T10:52:09.415-03:00  INFO 30421 --- [transaction-service] [ngodb.net:27017] org.mongodb.driver.cluster               : Monitor thread successfully connected to server with description ServerDescription{address=ac-ysfqdfe-shard-00-01.eku2hfd.mongodb.net:27017, type=REPLICA_SET_SECONDARY, cryptd=false, state=CONNECTED, ok=true, minWireVersion=0, maxWireVersion=25, maxDocumentSize=16777216, logicalSessionTimeoutMinutes=30, roundTripTimeNanos=268071381, minRoundTripTimeNanos=0, setName='atlas-i4ywzt-shard-0', canonicalAddress=ac-ysfqdfe-shard-00-01.eku2hfd.mongodb.net:27017, hosts=[ac-ysfqdfe-shard-00-00.eku2hfd.mongodb.net:27017, ac-ysfqdfe-shard-00-01.eku2hfd.mongodb.net:27017, ac-ysfqdfe-shard-00-02.eku2hfd.mongodb.net:27017], passives=[], arbiters=[], primary='ac-ysfqdfe-shard-00-02.eku2hfd.mongodb.net:27017', tagSet=TagSet{[Tag{name='availabilityZone', value='sae1-az3'}, Tag{name='cacheState', value='READY'}, Tag{name='diskState', value='READY'}, Tag{name='nodeType', value='ELECTABLE'}, Tag{name='provider', value='AWS'}, Tag{name='region', value='SA_EAST_1'}, Tag{name='workloadType', value='OPERATIONAL'}]}, electionId=null, setVersion=5, topologyVersion=TopologyVersion{processId=6a11bf3570cde2bf38aac362, counter=3}, lastWriteDate=Fri May 29 10:52:09 BRT 2026, lastUpdateTimeNanos=3828825341888}
2026-05-29T10:52:09.415-03:00  INFO 30421 --- [transaction-service] [ngodb.net:27017] org.mongodb.driver.cluster               : Monitor thread successfully connected to server with description ServerDescription{address=ac-ysfqdfe-shard-00-00.eku2hfd.mongodb.net:27017, type=REPLICA_SET_SECONDARY, cryptd=false, state=CONNECTED, ok=true, minWireVersion=0, maxWireVersion=25, maxDocumentSize=16777216, logicalSessionTimeoutMinutes=30, roundTripTimeNanos=269804065, minRoundTripTimeNanos=0, setName='atlas-i4ywzt-shard-0', canonicalAddress=ac-ysfqdfe-shard-00-00.eku2hfd.mongodb.net:27017, hosts=[ac-ysfqdfe-shard-00-00.eku2hfd.mongodb.net:27017, ac-ysfqdfe-shard-00-01.eku2hfd.mongodb.net:27017, ac-ysfqdfe-shard-00-02.eku2hfd.mongodb.net:27017], passives=[], arbiters=[], primary='ac-ysfqdfe-shard-00-02.eku2hfd.mongodb.net:27017', tagSet=TagSet{[Tag{name='availabilityZone', value='sae1-az1'}, Tag{name='cacheState', value='READY'}, Tag{name='diskState', value='READY'}, Tag{name='nodeType', value='ELECTABLE'}, Tag{name='provider', value='AWS'}, Tag{name='region', value='SA_EAST_1'}, Tag{name='workloadType', value='OPERATIONAL'}]}, electionId=null, setVersion=5, topologyVersion=TopologyVersion{processId=6a11ba87cd862ad46d6cccc6, counter=4}, lastWriteDate=Fri May 29 10:52:09 BRT 2026, lastUpdateTimeNanos=3828825015824}
2026-05-29T10:52:09.418-03:00  INFO 30421 --- [transaction-service] [ngodb.net:27017] org.mongodb.driver.cluster               : Discovered replica set primary ac-ysfqdfe-shard-00-02.eku2hfd.mongodb.net:27017 with max election id 7fffffff0000000000000046 and max set version 5
2026-05-29T10:52:10.212-03:00  INFO 30421 --- [transaction-service] [           main] o.s.b.a.e.web.EndpointLinksResolver      : Exposing 1 endpoint beneath base path '/actuator'
2026-05-29T10:52:10.284-03:00  INFO 30421 --- [transaction-service] [           main] c.s.t.TransactionServiceApplicationTests : Started TransactionServiceApplicationTests in 3.469 seconds (process running for 4.696)
]]></system-out>
    <system-err><![CDATA[Mockito is currently self-attaching to enable the inline-mock-maker. This will no longer work in future releases of the JDK. Please add Mockito as an agent to your build as described in Mockito's documentation: https://javadoc.io/doc/org.mockito/mockito-core/latest/org.mockito/org/mockito/Mockito.html#0.3
WARNING: A Java agent has been loaded dynamically (/home/rodrigo/.m2/repository/net/bytebuddy/byte-buddy-agent/1.17.8/byte-buddy-agent-1.17.8.jar)
WARNING: If a serviceability tool is in use, please run with -XX:+EnableDynamicAgentLoading to hide this warning
WARNING: If a serviceability tool is not in use, please run with -Djdk.instrument.traceUsage for more information
WARNING: Dynamic loading of agents will be disallowed by default in a future release
]]></system-err>
  </testcase>
</testsuite>